Determining if the pthread_create exist failed with the following output:
Change Dir: /home/gobind/Workspace/ROS_Tutorials/build/CMakeFiles/CMakeTmp

Run Build Command:/usr/bin/make "cmTryCompileExec1766028416/fast"
/usr/bin/make -f CMakeFiles/cmTryCompileExec1766028416.dir/build.make CMakeFiles/cmTryCompileExec1766028416.dir/build
make[1]: Entering directory `/home/gobind/Workspace/ROS_Tutorials/build/CMakeFiles/CMakeTmp'
/usr/bin/cmake -E cmake_progress_report /home/gobind/Workspace/ROS_Tutorials/build/CMakeFiles/CMakeTmp/CMakeFiles 1
Building C object CMakeFiles/cmTryCompileExec1766028416.dir/CheckSymbolExists.c.o
/usr/bin/cc    -o CMakeFiles/cmTryCompileExec1766028416.dir/CheckSymbolExists.c.o   -c /home/gobind/Workspace/ROS_Tutorials/build/CMakeFiles/CMakeTmp/CheckSymbolExists.c
Linking C executable cmTryCompileExec1766028416
/usr/bin/cmake -E cmake_link_script CMakeFiles/cmTryCompileExec1766028416.dir/link.txt --verbose=1
/usr/bin/cc       CMakeFiles/cmTryCompileExec1766028416.dir/CheckSymbolExists.c.o  -o cmTryCompileExec1766028416 -rdynamic 
CMakeFiles/cmTryCompileExec1766028416.dir/CheckSymbolExists.c.o: In function `main':
CheckSymbolExists.c:(.text+0x16): undefined reference to `pthread_create'
collect2: error: ld returned 1 exit status
make[1]: *** [cmTryCompileExec1766028416] Error 1
make[1]: Leaving directory `/home/gobind/Workspace/ROS_Tutorials/build/CMakeFiles/CMakeTmp'
make: *** [cmTryCompileExec1766028416/fast] Error 2

File /home/gobind/Workspace/ROS_Tutorials/build/CMakeFiles/CMakeTmp/CheckSymbolExists.c:
/* */
#include <pthread.h>

int main(int argc, char** argv)
{
  (void)argv;
#ifndef pthread_create
  return ((int*)(&pthread_create))[argc];
#else
  (void)argc;
  return 0;
#endif
}

Determining if the function pthread_create exists in the pthreads failed with the following output:
Change Dir: /home/gobind/Workspace/ROS_Tutorials/build/CMakeFiles/CMakeTmp

Run Build Command:/usr/bin/make "cmTryCompileExec3581989860/fast"
/usr/bin/make -f CMakeFiles/cmTryCompileExec3581989860.dir/build.make CMakeFiles/cmTryCompileExec3581989860.dir/build
make[1]: Entering directory `/home/gobind/Workspace/ROS_Tutorials/build/CMakeFiles/CMakeTmp'
/usr/bin/cmake -E cmake_progress_report /home/gobind/Workspace/ROS_Tutorials/build/CMakeFiles/CMakeTmp/CMakeFiles 1
Building C object CMakeFiles/cmTryCompileExec3581989860.dir/CheckFunctionExists.c.o
/usr/bin/cc   -DCHECK_FUNCTION_EXISTS=pthread_create   -o CMakeFiles/cmTryCompileExec3581989860.dir/CheckFunctionExists.c.o   -c /usr/share/cmake-2.8/Modules/CheckFunctionExists.c
Linking C executable cmTryCompileExec3581989860
/usr/bin/cmake -E cmake_link_script CMakeFiles/cmTryCompileExec3581989860.dir/link.txt --verbose=1
/usr/bin/cc   -DCHECK_FUNCTION_EXISTS=pthread_create    CMakeFiles/cmTryCompileExec3581989860.dir/CheckFunctionExists.c.o  -o cmTryCompileExec3581989860 -rdynamic -lpthreads 
/usr/bin/ld: cannot find -lpthreads
collect2: error: ld returned 1 exit status
make[1]: *** [cmTryCompileExec3581989860] Error 1
make[1]: Leaving directory `/home/gobind/Workspace/ROS_Tutorials/build/CMakeFiles/CMakeTmp'
make: *** [cmTryCompileExec3581989860/fast] Error 2


